2017-08-11 15:57:48,631 INFO common.py 角色名[alex]不存在！
2017-08-12 09:52:43,155 INFO common.py 角色表为空
2017-08-12 10:32:51,833 ERROR common.py 你输入的班级号不存在!
2017-08-12 10:43:19,615 ERROR common.py 你输入的课程号不存在!
2017-08-12 10:43:19,619 INFO common.py 课程表为空
2017-08-12 10:47:29,483 ERROR common.py 你输入的课程号不存在!
2017-08-12 10:47:29,487 INFO common.py 课程表为空
2017-08-12 21:16:37,093 ERROR function.py 用户[admin]已存在
2017-08-12 21:19:14,134 ERROR function.py 用户[admin]已存在
2017-08-12 21:19:28,075 ERROR function.py 用户[teacher]已存在
2017-08-12 21:20:01,592 ERROR function.py 用户[teacher]已存在
2017-08-12 21:21:12,347 INFO function.py 班级表为空
2017-08-12 21:23:36,410 INFO function.py 上课记录和用户关系表为空
2017-08-12 21:23:59,452 INFO function.py 班级表为空
2017-08-12 21:30:52,824 INFO function.py 角色表为空
2017-08-13 20:01:21,513 INFO function.py 用户表为空
2017-08-13 20:13:45,445 INFO function.py 上课记录和用户关系表为空
2017-08-13 20:25:52,656 ERROR function.py 你输入的作业号不存在!
2017-08-13 20:29:17,297 ERROR function.py 你输入的作业号不存在!
2017-08-14 10:35:49,174 ERROR function.py 用户[%s]没有需要上交的作业
2017-08-14 10:36:27,831 ERROR function.py 用户[%s]没有需要上交的作业
2017-08-14 11:27:23,698 ERROR function.py 用户没有需要上交的作业
2017-08-14 14:17:12,844 ERROR function.py 用户没有需要上交的作业
2017-08-14 14:18:44,121 ERROR function.py 用户没有需要上交的作业
2017-08-14 14:25:40,087 ERROR function.py 用户没有需要上交的作业
2017-08-14 14:26:53,649 ERROR function.py 用户没有需要上交的作业
2017-08-14 15:23:48,716 ERROR function.py 用户没有需要上交的作业
2017-08-14 15:25:12,488 ERROR function.py 用户[admin]已存在
2017-08-14 15:25:21,440 ERROR function.py 用户[alex]已存在
2017-08-14 15:26:47,127 ERROR function.py 用户[admin]已存在
2017-08-14 15:38:27,284 ERROR function.py 用户名或者QQ已存在
2017-08-14 15:38:50,272 ERROR function.py 用户名或者QQ已存在
2017-08-14 15:40:43,800 ERROR function.py 用户名或者QQ已存在
2017-08-14 15:41:33,114 ERROR function.py 用户名或者QQ已存在
2017-08-22 14:56:41,147 ERROR function.py 用户没有需要上交的作业
2017-08-22 15:46:55,142 ERROR function.py 用户没有需要上交的作业
2017-08-22 15:47:03,334 ERROR function.py 用户成绩不存在!
2017-08-22 15:47:24,356 ERROR function.py 用户没有需要上交的作业
2017-08-22 15:47:35,636 ERROR function.py 用户没有需要上交的作业
2017-08-22 15:47:37,878 ERROR function.py 用户成绩不存在!
2017-08-22 15:51:55,317 ERROR function.py 用户没有需要上交的作业
